<?xml version="1.0" encoding="UTF-8"?>
<!-- Generated by org.testng.reporters.JUnitReportReporter -->
<testsuite hostname="DESKTOP-SSS5PN9" failures="0" tests="1" name="vCareLoadTest.PatientLoader" time="0.121" errors="0" timestamp="2023-11-26T23:39:44 CET" skipped="0">
  <testcase classname="vCareLoadTest.PatientLoader" name="load" time="0.121"/>
</testsuite> <!-- vCareLoadTest.PatientLoader -->
