<?xml version="1.0" encoding="UTF-8"?>
<!-- Generated by org.testng.reporters.JUnitReportReporter -->
<testsuite hostname="DESKTOP-SSS5PN9" failures="0" tests="1" name="vCareLoadTest.Basics" time="2.792" errors="0" timestamp="2023-11-24T11:03:52 CET" skipped="0">
  <testcase classname="vCareLoadTest.Basics" name="createload" time="2.792"/>
</testsuite> <!-- vCareLoadTest.Basics -->
