<?xml version="1.0" encoding="UTF-8"?>
<!-- Generated by org.testng.reporters.JUnitReportReporter -->
<testsuite hostname="DESKTOP-SSS5PN9" failures="0" tests="1" name="vCareLoadTest.FakerDataGenerater" time="0.456" errors="0" timestamp="2023-11-20T20:28:28 CET" skipped="0">
  <testcase classname="vCareLoadTest.FakerDataGenerater" name="testGenerateDummyData" time="0.456"/>
</testsuite> <!-- vCareLoadTest.FakerDataGenerater -->
