<?xml version="1.0" encoding="UTF-8"?>
<!-- Generated by org.testng.reporters.JUnitReportReporter -->
<testsuite hostname="DESKTOP-SSS5PN9" failures="0" tests="1" name="load.PatientLoader1" time="1.864" errors="0" timestamp="2023-11-24T22:00:39 CET" skipped="0">
  <testcase classname="load.PatientLoader1" name="load" time="1.864"/>
</testsuite> <!-- load.PatientLoader1 -->
