<?xml version="1.0" encoding="UTF-8"?>
<!-- Generated by org.testng.reporters.JUnitReportReporter -->
<testsuite hostname="DESKTOP-SSS5PN9" failures="0" tests="1" name="vCareLoadTest.LoadData" time="0.115" errors="0" timestamp="2023-11-26T23:10:12 CET" skipped="0">
  <testcase classname="vCareLoadTest.LoadData" name="Data" time="0.115"/>
</testsuite> <!-- vCareLoadTest.LoadData -->
